<?xml version="1.0" encoding="UTF-8"?>
<!-- Generated by org.testng.reporters.JUnitXMLReporter -->
<testsuite hostname="258-PC" ignored="0" name="Test" tests="3" failures="0" timestamp="2021-11-22T09:46:40 EET" time="17.459" errors="0">
  <testcase name="checkNavigationBar" time="5.015" classname="academy.HomePageCheckNavigationBarTest"/>
  <testcase name="HomePageLogin" time="7.054" classname="academy.HomePageTest"/>
  <testcase name="HomePageLogin" time="1.782" classname="academy.HomePageTest"/>
</testsuite> <!-- Test -->
